<?xml version="1.0" encoding="UTF-8"?>
<testsuite xmlns:xsi="http://www.w3.org/2001/XMLSchema-instance" xsi:noNamespaceSchemaLocation="https://maven.apache.org/surefire/maven-surefire-plugin/xsd/surefire-test-report.xsd" name="com.verification.logical.ValidatorVerification" time="0.288" tests="43" errors="2" skipped="0" failures="41">
  <properties>
    <property name="sun.desktop" value="windows"/>
    <property name="awt.toolkit" value="sun.awt.windows.WToolkit"/>
    <property name="java.specification.version" value="11"/>
    <property name="sun.cpu.isalist" value="amd64"/>
    <property name="sun.jnu.encoding" value="Cp1252"/>
    <property name="java.class.path" value="C:\Users\kamlesh.ahuja\Desktop\IA\SET-Course\Essential-Capstron\IssueTrackerQuantum\target\test-classes;C:\Users\kamlesh.ahuja\Desktop\IA\SET-Course\Essential-Capstron\IssueTrackerQuantum\target\classes;C:\Users\kamlesh.ahuja\.m2\repository\org\apache\logging\log4j\log4j-api\2.13.2\log4j-api-2.13.2.jar;C:\Users\kamlesh.ahuja\.m2\repository\org\apache\logging\log4j\log4j-core\2.13.2\log4j-core-2.13.2.jar;C:\Users\kamlesh.ahuja\.m2\repository\org\apache\logging\log4j\log4j-jcl\2.13.2\log4j-jcl-2.13.2.jar;C:\Users\kamlesh.ahuja\.m2\repository\org\apache\commons\commons-collections4\4.4\commons-collections4-4.4.jar;C:\Users\kamlesh.ahuja\.m2\repository\org\apache\commons\commons-configuration2\2.7\commons-configuration2-2.7.jar;C:\Users\kamlesh.ahuja\.m2\repository\org\apache\commons\commons-lang3\3.10\commons-lang3-3.10.jar;C:\Users\kamlesh.ahuja\.m2\repository\org\apache\commons\commons-text\1.8\commons-text-1.8.jar;C:\Users\kamlesh.ahuja\.m2\repository\commons-beanutils\commons-beanutils\1.9.4\commons-beanutils-1.9.4.jar;C:\Users\kamlesh.ahuja\.m2\repository\commons-collections\commons-collections\3.2.2\commons-collections-3.2.2.jar;C:\Users\kamlesh.ahuja\.m2\repository\commons-logging\commons-logging\1.2\commons-logging-1.2.jar;C:\Users\kamlesh.ahuja\.m2\repository\org\junit\jupiter\junit-jupiter-api\5.6.2\junit-jupiter-api-5.6.2.jar;C:\Users\kamlesh.ahuja\.m2\repository\org\apiguardian\apiguardian-api\1.1.0\apiguardian-api-1.1.0.jar;C:\Users\kamlesh.ahuja\.m2\repository\org\opentest4j\opentest4j\1.2.0\opentest4j-1.2.0.jar;C:\Users\kamlesh.ahuja\.m2\repository\org\junit\jupiter\junit-jupiter-engine\5.6.2\junit-jupiter-engine-5.6.2.jar;C:\Users\kamlesh.ahuja\.m2\repository\org\junit\platform\junit-platform-engine\1.6.2\junit-platform-engine-1.6.2.jar;C:\Users\kamlesh.ahuja\.m2\repository\org\junit\jupiter\junit-jupiter-params\5.6.2\junit-jupiter-params-5.6.2.jar;C:\Users\kamlesh.ahuja\.m2\repository\org\junit\platform\junit-platform-commons\1.6.2\junit-platform-commons-1.6.2.jar;C:\Users\kamlesh.ahuja\.m2\repository\org\junit\platform\junit-platform-runner\1.6.2\junit-platform-runner-1.6.2.jar;C:\Users\kamlesh.ahuja\.m2\repository\junit\junit\4.13\junit-4.13.jar;C:\Users\kamlesh.ahuja\.m2\repository\org\hamcrest\hamcrest-core\1.3\hamcrest-core-1.3.jar;C:\Users\kamlesh.ahuja\.m2\repository\org\junit\platform\junit-platform-launcher\1.6.2\junit-platform-launcher-1.6.2.jar;C:\Users\kamlesh.ahuja\.m2\repository\org\junit\platform\junit-platform-suite-api\1.6.2\junit-platform-suite-api-1.6.2.jar;C:\Users\kamlesh.ahuja\.m2\repository\com\google\code\gson\gson\2.8.6\gson-2.8.6.jar;C:\Users\kamlesh.ahuja\.m2\repository\com\google\guava\guava\29.0-jre\guava-29.0-jre.jar;C:\Users\kamlesh.ahuja\.m2\repository\com\google\guava\failureaccess\1.0.1\failureaccess-1.0.1.jar;C:\Users\kamlesh.ahuja\.m2\repository\com\google\guava\listenablefuture\9999.0-empty-to-avoid-conflict-with-guava\listenablefuture-9999.0-empty-to-avoid-conflict-with-guava.jar;C:\Users\kamlesh.ahuja\.m2\repository\com\google\code\findbugs\jsr305\3.0.2\jsr305-3.0.2.jar;C:\Users\kamlesh.ahuja\.m2\repository\org\checkerframework\checker-qual\2.11.1\checker-qual-2.11.1.jar;C:\Users\kamlesh.ahuja\.m2\repository\com\google\errorprone\error_prone_annotations\2.3.4\error_prone_annotations-2.3.4.jar;C:\Users\kamlesh.ahuja\.m2\repository\com\google\j2objc\j2objc-annotations\1.3\j2objc-annotations-1.3.jar;C:\Users\kamlesh.ahuja\.m2\repository\net\sourceforge\pmd\pmd-java\6.23.0\pmd-java-6.23.0.jar;C:\Users\kamlesh.ahuja\.m2\repository\net\java\dev\javacc\javacc\5.0\javacc-5.0.jar;C:\Users\kamlesh.ahuja\.m2\repository\net\sourceforge\pmd\pmd-core\6.23.0\pmd-core-6.23.0.jar;C:\Users\kamlesh.ahuja\.m2\repository\org\antlr\antlr4-runtime\4.7\antlr4-runtime-4.7.jar;C:\Users\kamlesh.ahuja\.m2\repository\com\beust\jcommander\1.72\jcommander-1.72.jar;C:\Users\kamlesh.ahuja\.m2\repository\net\sourceforge\saxon\saxon\9.1.0.8\saxon-9.1.0.8.jar;C:\Users\kamlesh.ahuja\.m2\repository\org\ow2\asm\asm\7.3.1\asm-7.3.1.jar;C:\Users\kamlesh.ahuja\.m2\repository\commons-io\commons-io\2.6\commons-io-2.6.jar;C:\Users\kamlesh.ahuja\.m2\repository\net\sourceforge\saxon\saxon\9.1.0.8\saxon-9.1.0.8-dom.jar;C:\Users\kamlesh.ahuja\.m2\repository\org\mockito\mockito-junit-jupiter\3.3.3\mockito-junit-jupiter-3.3.3.jar;C:\Users\kamlesh.ahuja\.m2\repository\org\mockito\mockito-core\3.3.3\mockito-core-3.3.3.jar;C:\Users\kamlesh.ahuja\.m2\repository\net\bytebuddy\byte-buddy\1.10.5\byte-buddy-1.10.5.jar;C:\Users\kamlesh.ahuja\.m2\repository\net\bytebuddy\byte-buddy-agent\1.10.5\byte-buddy-agent-1.10.5.jar;C:\Users\kamlesh.ahuja\.m2\repository\org\objenesis\objenesis\2.6\objenesis-2.6.jar;"/>
    <property name="java.vm.vendor" value="Azul Systems, Inc."/>
    <property name="sun.arch.data.model" value="64"/>
    <property name="user.variant" value=""/>
    <property name="java.vendor.url" value="http://www.azulsystems.com/"/>
    <property name="user.timezone" value="Asia/Calcutta"/>
    <property name="java.vm.specification.version" value="11"/>
    <property name="os.name" value="Windows 10"/>
    <property name="sun.java.launcher" value="SUN_STANDARD"/>
    <property name="user.country" value="US"/>
    <property name="sun.boot.library.path" value="C:\Program Files\Zulu\zulu-11\bin"/>
    <property name="sun.java.command" value="C:\Users\KAMLES~1.AHU\AppData\Local\Temp\surefire4434706028192440562\surefirebooter15985167271861847800.jar C:\Users\kamlesh.ahuja\AppData\Local\Temp\surefire4434706028192440562 2021-02-26T10-34-11_537-jvmRun1 surefire2642406725947839040tmp surefire_02008479690936840816tmp"/>
    <property name="jdk.debug" value="release"/>
    <property name="surefire.test.class.path" value="C:\Users\kamlesh.ahuja\Desktop\IA\SET-Course\Essential-Capstron\IssueTrackerQuantum\target\test-classes;C:\Users\kamlesh.ahuja\Desktop\IA\SET-Course\Essential-Capstron\IssueTrackerQuantum\target\classes;C:\Users\kamlesh.ahuja\.m2\repository\org\apache\logging\log4j\log4j-api\2.13.2\log4j-api-2.13.2.jar;C:\Users\kamlesh.ahuja\.m2\repository\org\apache\logging\log4j\log4j-core\2.13.2\log4j-core-2.13.2.jar;C:\Users\kamlesh.ahuja\.m2\repository\org\apache\logging\log4j\log4j-jcl\2.13.2\log4j-jcl-2.13.2.jar;C:\Users\kamlesh.ahuja\.m2\repository\org\apache\commons\commons-collections4\4.4\commons-collections4-4.4.jar;C:\Users\kamlesh.ahuja\.m2\repository\org\apache\commons\commons-configuration2\2.7\commons-configuration2-2.7.jar;C:\Users\kamlesh.ahuja\.m2\repository\org\apache\commons\commons-lang3\3.10\commons-lang3-3.10.jar;C:\Users\kamlesh.ahuja\.m2\repository\org\apache\commons\commons-text\1.8\commons-text-1.8.jar;C:\Users\kamlesh.ahuja\.m2\repository\commons-beanutils\commons-beanutils\1.9.4\commons-beanutils-1.9.4.jar;C:\Users\kamlesh.ahuja\.m2\repository\commons-collections\commons-collections\3.2.2\commons-collections-3.2.2.jar;C:\Users\kamlesh.ahuja\.m2\repository\commons-logging\commons-logging\1.2\commons-logging-1.2.jar;C:\Users\kamlesh.ahuja\.m2\repository\org\junit\jupiter\junit-jupiter-api\5.6.2\junit-jupiter-api-5.6.2.jar;C:\Users\kamlesh.ahuja\.m2\repository\org\apiguardian\apiguardian-api\1.1.0\apiguardian-api-1.1.0.jar;C:\Users\kamlesh.ahuja\.m2\repository\org\opentest4j\opentest4j\1.2.0\opentest4j-1.2.0.jar;C:\Users\kamlesh.ahuja\.m2\repository\org\junit\jupiter\junit-jupiter-engine\5.6.2\junit-jupiter-engine-5.6.2.jar;C:\Users\kamlesh.ahuja\.m2\repository\org\junit\platform\junit-platform-engine\1.6.2\junit-platform-engine-1.6.2.jar;C:\Users\kamlesh.ahuja\.m2\repository\org\junit\jupiter\junit-jupiter-params\5.6.2\junit-jupiter-params-5.6.2.jar;C:\Users\kamlesh.ahuja\.m2\repository\org\junit\platform\junit-platform-commons\1.6.2\junit-platform-commons-1.6.2.jar;C:\Users\kamlesh.ahuja\.m2\repository\org\junit\platform\junit-platform-runner\1.6.2\junit-platform-runner-1.6.2.jar;C:\Users\kamlesh.ahuja\.m2\repository\junit\junit\4.13\junit-4.13.jar;C:\Users\kamlesh.ahuja\.m2\repository\org\hamcrest\hamcrest-core\1.3\hamcrest-core-1.3.jar;C:\Users\kamlesh.ahuja\.m2\repository\org\junit\platform\junit-platform-launcher\1.6.2\junit-platform-launcher-1.6.2.jar;C:\Users\kamlesh.ahuja\.m2\repository\org\junit\platform\junit-platform-suite-api\1.6.2\junit-platform-suite-api-1.6.2.jar;C:\Users\kamlesh.ahuja\.m2\repository\com\google\code\gson\gson\2.8.6\gson-2.8.6.jar;C:\Users\kamlesh.ahuja\.m2\repository\com\google\guava\guava\29.0-jre\guava-29.0-jre.jar;C:\Users\kamlesh.ahuja\.m2\repository\com\google\guava\failureaccess\1.0.1\failureaccess-1.0.1.jar;C:\Users\kamlesh.ahuja\.m2\repository\com\google\guava\listenablefuture\9999.0-empty-to-avoid-conflict-with-guava\listenablefuture-9999.0-empty-to-avoid-conflict-with-guava.jar;C:\Users\kamlesh.ahuja\.m2\repository\com\google\code\findbugs\jsr305\3.0.2\jsr305-3.0.2.jar;C:\Users\kamlesh.ahuja\.m2\repository\org\checkerframework\checker-qual\2.11.1\checker-qual-2.11.1.jar;C:\Users\kamlesh.ahuja\.m2\repository\com\google\errorprone\error_prone_annotations\2.3.4\error_prone_annotations-2.3.4.jar;C:\Users\kamlesh.ahuja\.m2\repository\com\google\j2objc\j2objc-annotations\1.3\j2objc-annotations-1.3.jar;C:\Users\kamlesh.ahuja\.m2\repository\net\sourceforge\pmd\pmd-java\6.23.0\pmd-java-6.23.0.jar;C:\Users\kamlesh.ahuja\.m2\repository\net\java\dev\javacc\javacc\5.0\javacc-5.0.jar;C:\Users\kamlesh.ahuja\.m2\repository\net\sourceforge\pmd\pmd-core\6.23.0\pmd-core-6.23.0.jar;C:\Users\kamlesh.ahuja\.m2\repository\org\antlr\antlr4-runtime\4.7\antlr4-runtime-4.7.jar;C:\Users\kamlesh.ahuja\.m2\repository\com\beust\jcommander\1.72\jcommander-1.72.jar;C:\Users\kamlesh.ahuja\.m2\repository\net\sourceforge\saxon\saxon\9.1.0.8\saxon-9.1.0.8.jar;C:\Users\kamlesh.ahuja\.m2\repository\org\ow2\asm\asm\7.3.1\asm-7.3.1.jar;C:\Users\kamlesh.ahuja\.m2\repository\commons-io\commons-io\2.6\commons-io-2.6.jar;C:\Users\kamlesh.ahuja\.m2\repository\net\sourceforge\saxon\saxon\9.1.0.8\saxon-9.1.0.8-dom.jar;C:\Users\kamlesh.ahuja\.m2\repository\org\mockito\mockito-junit-jupiter\3.3.3\mockito-junit-jupiter-3.3.3.jar;C:\Users\kamlesh.ahuja\.m2\repository\org\mockito\mockito-core\3.3.3\mockito-core-3.3.3.jar;C:\Users\kamlesh.ahuja\.m2\repository\net\bytebuddy\byte-buddy\1.10.5\byte-buddy-1.10.5.jar;C:\Users\kamlesh.ahuja\.m2\repository\net\bytebuddy\byte-buddy-agent\1.10.5\byte-buddy-agent-1.10.5.jar;C:\Users\kamlesh.ahuja\.m2\repository\org\objenesis\objenesis\2.6\objenesis-2.6.jar;"/>
    <property name="sun.cpu.endian" value="little"/>
    <property name="user.home" value="C:\Users\kamlesh.ahuja"/>
    <property name="user.language" value="en"/>
    <property name="java.specification.vendor" value="Oracle Corporation"/>
    <property name="java.version.date" value="2020-04-14"/>
    <property name="java.home" value="C:\Program Files\Zulu\zulu-11"/>
    <property name="file.separator" value="\"/>
    <property name="basedir" value="C:\Users\kamlesh.ahuja\Desktop\IA\SET-Course\Essential-Capstron\IssueTrackerQuantum"/>
    <property name="java.vm.compressedOopsMode" value="Zero based"/>
    <property name="line.separator" value="&#10;"/>
    <property name="java.specification.name" value="Java Platform API Specification"/>
    <property name="java.vm.specification.vendor" value="Oracle Corporation"/>
    <property name="jdk.vendor.version" value="Zulu11.39+16-SA"/>
    <property name="java.awt.graphicsenv" value="sun.awt.Win32GraphicsEnvironment"/>
    <property name="surefire.real.class.path" value="C:\Users\KAMLES~1.AHU\AppData\Local\Temp\surefire4434706028192440562\surefirebooter15985167271861847800.jar"/>
    <property name="user.script" value=""/>
    <property name="sun.management.compiler" value="HotSpot 64-Bit Tiered Compilers"/>
    <property name="java.runtime.version" value="11.0.7+10-LTS"/>
    <property name="user.name" value="kamlesh.ahuja"/>
    <property name="path.separator" value=";"/>
    <property name="os.version" value="10.0"/>
    <property name="java.runtime.name" value="OpenJDK Runtime Environment"/>
    <property name="file.encoding" value="Cp1252"/>
    <property name="java.vm.name" value="OpenJDK 64-Bit Server VM"/>
    <property name="java.vendor.version" value="Zulu11.39+16-SA"/>
    <property name="localRepository" value="C:\Users\kamlesh.ahuja\.m2\repository"/>
    <property name="java.vendor.url.bug" value="http://www.azulsystems.com/support/"/>
    <property name="java.io.tmpdir" value="C:\Users\KAMLES~1.AHU\AppData\Local\Temp\"/>
    <property name="java.version" value="11.0.7"/>
    <property name="user.dir" value="C:\Users\kamlesh.ahuja\Desktop\IA\SET-Course\Essential-Capstron\IssueTrackerQuantum"/>
    <property name="os.arch" value="amd64"/>
    <property name="java.vm.specification.name" value="Java Virtual Machine Specification"/>
    <property name="java.awt.printerjob" value="sun.awt.windows.WPrinterJob"/>
    <property name="sun.os.patch.level" value=""/>
    <property name="java.library.path" value="C:\Program Files\Zulu\zulu-11\bin;C:\windows\Sun\Java\bin;C:\windows\system32;C:\windows;C:\Program Files\Python38\Scripts\;C:\Program Files\Python38\;C:\windows\system32;C:\windows;C:\windows\System32\Wbem;C:\windows\System32\WindowsPowerShell\v1.0\;C:\windows\System32\OpenSSH\;C:\Program Files\Zulu\zulu-11\bin\;C:\Program Files\Microsoft VS Code\bin;C:\Program Files\nodejs\;C:\Program Files\Git\cmd;D:\apache-maven-3.6.2\bin;C:\Users\kamlesh.ahuja\AppData\Local\Microsoft\WindowsApps;C:\Program Files (x86)\Google\Chrome\Application\;C:\Program Files\Git\bin\git.exe;C:\Program Files\nodejs;C:\Users\kamlesh.ahuja\AppData\Roaming\npm\node_modules\@angular\cli\bin;C:\MongoDB\Server\4.4\bin;C:\Users\kamlesh.ahuja\AppData\Roaming\npm;."/>
    <property name="java.vendor" value="Azul Systems, Inc."/>
    <property name="java.vm.info" value="mixed mode"/>
    <property name="java.vm.version" value="11.0.7+10-LTS"/>
    <property name="sun.io.unicode.encoding" value="UnicodeLittle"/>
    <property name="java.class.version" value="55.0"/>
  </properties>
  <testcase name="validate{Issue, String}" classname="com.verification.logical.ValidatorVerification" time="0.024">
    <error message="OPEN" type="java.lang.NoSuchFieldError">java.lang.NoSuchFieldError: OPEN
	at com.verification.logical.ValidatorVerification.validate(ValidatorVerification.java:27)
</error>
  </testcase>
  <testcase name="isValidIssueDescription{String, Boolean, String}[1]" classname="com.verification.logical.ValidatorVerification" time="0.064">
    <failure message="expected: &lt;true&gt; but was: &lt;null&gt;" type="org.opentest4j.AssertionFailedError"><![CDATA[org.opentest4j.AssertionFailedError: expected: <true> but was: <null>
	at com.verification.logical.ValidatorVerification.isValidIssueDescription(ValidatorVerification.java:186)
]]></failure>
  </testcase>
  <testcase name="isValidIssueDescription{String, Boolean, String}[2]" classname="com.verification.logical.ValidatorVerification" time="0">
    <failure message="expected: &lt;true&gt; but was: &lt;null&gt;" type="org.opentest4j.AssertionFailedError"><![CDATA[org.opentest4j.AssertionFailedError: expected: <true> but was: <null>
	at com.verification.logical.ValidatorVerification.isValidIssueDescription(ValidatorVerification.java:186)
]]></failure>
  </testcase>
  <testcase name="isValidIssueDescription{String, Boolean, String}[3]" classname="com.verification.logical.ValidatorVerification" time="0.008">
    <failure message="expected: &lt;true&gt; but was: &lt;null&gt;" type="org.opentest4j.AssertionFailedError"><![CDATA[org.opentest4j.AssertionFailedError: expected: <true> but was: <null>
	at com.verification.logical.ValidatorVerification.isValidIssueDescription(ValidatorVerification.java:186)
]]></failure>
  </testcase>
  <testcase name="isValidIssueDescription{String, Boolean, String}[4]" classname="com.verification.logical.ValidatorVerification" time="0">
    <failure message="expected: &lt;true&gt; but was: &lt;null&gt;" type="org.opentest4j.AssertionFailedError"><![CDATA[org.opentest4j.AssertionFailedError: expected: <true> but was: <null>
	at com.verification.logical.ValidatorVerification.isValidIssueDescription(ValidatorVerification.java:186)
]]></failure>
  </testcase>
  <testcase name="isValidIssueDescription{String, Boolean, String}[5]" classname="com.verification.logical.ValidatorVerification" time="0.008">
    <failure message="expected: &lt;true&gt; but was: &lt;null&gt;" type="org.opentest4j.AssertionFailedError"><![CDATA[org.opentest4j.AssertionFailedError: expected: <true> but was: <null>
	at com.verification.logical.ValidatorVerification.isValidIssueDescription(ValidatorVerification.java:186)
]]></failure>
  </testcase>
  <testcase name="isValidIssueDescription{String, Boolean, String}[6]" classname="com.verification.logical.ValidatorVerification" time="0">
    <failure message="expected: &lt;true&gt; but was: &lt;null&gt;" type="org.opentest4j.AssertionFailedError"><![CDATA[org.opentest4j.AssertionFailedError: expected: <true> but was: <null>
	at com.verification.logical.ValidatorVerification.isValidIssueDescription(ValidatorVerification.java:186)
]]></failure>
  </testcase>
  <testcase name="isValidIssueDescription{String, Boolean, String}[7]" classname="com.verification.logical.ValidatorVerification" time="0.008">
    <failure message="expected: &lt;false&gt; but was: &lt;null&gt;" type="org.opentest4j.AssertionFailedError"><![CDATA[org.opentest4j.AssertionFailedError: expected: <false> but was: <null>
	at com.verification.logical.ValidatorVerification.isValidIssueDescription(ValidatorVerification.java:186)
]]></failure>
  </testcase>
  <testcase name="isValidIssueDescription{String, Boolean, String}[8]" classname="com.verification.logical.ValidatorVerification" time="0">
    <failure message="expected: &lt;false&gt; but was: &lt;null&gt;" type="org.opentest4j.AssertionFailedError"><![CDATA[org.opentest4j.AssertionFailedError: expected: <false> but was: <null>
	at com.verification.logical.ValidatorVerification.isValidIssueDescription(ValidatorVerification.java:186)
]]></failure>
  </testcase>
  <testcase name="isValidIssueDescription{String, Boolean, String}[9]" classname="com.verification.logical.ValidatorVerification" time="0">
    <failure message="expected: &lt;false&gt; but was: &lt;null&gt;" type="org.opentest4j.AssertionFailedError"><![CDATA[org.opentest4j.AssertionFailedError: expected: <false> but was: <null>
	at com.verification.logical.ValidatorVerification.isValidIssueDescription(ValidatorVerification.java:186)
]]></failure>
  </testcase>
  <testcase name="isValidIssueDescription{String, Boolean, String}[10]" classname="com.verification.logical.ValidatorVerification" time="0">
    <failure message="expected: &lt;false&gt; but was: &lt;null&gt;" type="org.opentest4j.AssertionFailedError"><![CDATA[org.opentest4j.AssertionFailedError: expected: <false> but was: <null>
	at com.verification.logical.ValidatorVerification.isValidIssueDescription(ValidatorVerification.java:186)
]]></failure>
  </testcase>
  <testcase name="isValidIssueDescription{String, Boolean, String}[11]" classname="com.verification.logical.ValidatorVerification" time="0">
    <failure message="expected: &lt;false&gt; but was: &lt;null&gt;" type="org.opentest4j.AssertionFailedError"><![CDATA[org.opentest4j.AssertionFailedError: expected: <false> but was: <null>
	at com.verification.logical.ValidatorVerification.isValidIssueDescription(ValidatorVerification.java:186)
]]></failure>
  </testcase>
  <testcase name="isValidIssueDescription{String, Boolean, String}[12]" classname="com.verification.logical.ValidatorVerification" time="0">
    <failure message="expected: &lt;false&gt; but was: &lt;null&gt;" type="org.opentest4j.AssertionFailedError"><![CDATA[org.opentest4j.AssertionFailedError: expected: <false> but was: <null>
	at com.verification.logical.ValidatorVerification.isValidIssueDescription(ValidatorVerification.java:186)
]]></failure>
  </testcase>
  <testcase name="isValidIssueDescription{String, Boolean, String}[13]" classname="com.verification.logical.ValidatorVerification" time="0.008">
    <failure message="expected: &lt;false&gt; but was: &lt;null&gt;" type="org.opentest4j.AssertionFailedError"><![CDATA[org.opentest4j.AssertionFailedError: expected: <false> but was: <null>
	at com.verification.logical.ValidatorVerification.isValidIssueDescription(ValidatorVerification.java:186)
]]></failure>
  </testcase>
  <testcase name="isValidIssueDescription{String, Boolean, String}[14]" classname="com.verification.logical.ValidatorVerification" time="0">
    <failure message="expected: &lt;false&gt; but was: &lt;null&gt;" type="org.opentest4j.AssertionFailedError"><![CDATA[org.opentest4j.AssertionFailedError: expected: <false> but was: <null>
	at com.verification.logical.ValidatorVerification.isValidIssueDescription(ValidatorVerification.java:186)
]]></failure>
  </testcase>
  <testcase name="isValidReportedOn{LocalDate, Boolean, String}[1]" classname="com.verification.logical.ValidatorVerification" time="0">
    <failure message="expected: &lt;true&gt; but was: &lt;null&gt;" type="org.opentest4j.AssertionFailedError"><![CDATA[org.opentest4j.AssertionFailedError: expected: <true> but was: <null>
	at com.verification.logical.ValidatorVerification.isValidReportedOn(ValidatorVerification.java:196)
]]></failure>
  </testcase>
  <testcase name="isValidReportedOn{LocalDate, Boolean, String}[2]" classname="com.verification.logical.ValidatorVerification" time="0.008">
    <failure message="expected: &lt;true&gt; but was: &lt;null&gt;" type="org.opentest4j.AssertionFailedError"><![CDATA[org.opentest4j.AssertionFailedError: expected: <true> but was: <null>
	at com.verification.logical.ValidatorVerification.isValidReportedOn(ValidatorVerification.java:196)
]]></failure>
  </testcase>
  <testcase name="isValidReportedOn{LocalDate, Boolean, String}[3]" classname="com.verification.logical.ValidatorVerification" time="0">
    <failure message="expected: &lt;true&gt; but was: &lt;null&gt;" type="org.opentest4j.AssertionFailedError"><![CDATA[org.opentest4j.AssertionFailedError: expected: <true> but was: <null>
	at com.verification.logical.ValidatorVerification.isValidReportedOn(ValidatorVerification.java:196)
]]></failure>
  </testcase>
  <testcase name="isValidReportedOn{LocalDate, Boolean, String}[4]" classname="com.verification.logical.ValidatorVerification" time="0.008">
    <failure message="expected: &lt;true&gt; but was: &lt;null&gt;" type="org.opentest4j.AssertionFailedError"><![CDATA[org.opentest4j.AssertionFailedError: expected: <true> but was: <null>
	at com.verification.logical.ValidatorVerification.isValidReportedOn(ValidatorVerification.java:196)
]]></failure>
  </testcase>
  <testcase name="isValidReportedOn{LocalDate, Boolean, String}[5]" classname="com.verification.logical.ValidatorVerification" time="0.008">
    <failure message="expected: &lt;true&gt; but was: &lt;null&gt;" type="org.opentest4j.AssertionFailedError"><![CDATA[org.opentest4j.AssertionFailedError: expected: <true> but was: <null>
	at com.verification.logical.ValidatorVerification.isValidReportedOn(ValidatorVerification.java:196)
]]></failure>
  </testcase>
  <testcase name="isValidReportedOn{LocalDate, Boolean, String}[6]" classname="com.verification.logical.ValidatorVerification" time="0">
    <failure message="expected: &lt;false&gt; but was: &lt;null&gt;" type="org.opentest4j.AssertionFailedError"><![CDATA[org.opentest4j.AssertionFailedError: expected: <false> but was: <null>
	at com.verification.logical.ValidatorVerification.isValidReportedOn(ValidatorVerification.java:196)
]]></failure>
  </testcase>
  <testcase name="isValidReportedOn{LocalDate, Boolean, String}[7]" classname="com.verification.logical.ValidatorVerification" time="0.008">
    <failure message="expected: &lt;false&gt; but was: &lt;null&gt;" type="org.opentest4j.AssertionFailedError"><![CDATA[org.opentest4j.AssertionFailedError: expected: <false> but was: <null>
	at com.verification.logical.ValidatorVerification.isValidReportedOn(ValidatorVerification.java:196)
]]></failure>
  </testcase>
  <testcase name="isValidReportedOn{LocalDate, Boolean, String}[8]" classname="com.verification.logical.ValidatorVerification" time="0">
    <failure message="expected: &lt;false&gt; but was: &lt;null&gt;" type="org.opentest4j.AssertionFailedError"><![CDATA[org.opentest4j.AssertionFailedError: expected: <false> but was: <null>
	at com.verification.logical.ValidatorVerification.isValidReportedOn(ValidatorVerification.java:196)
]]></failure>
  </testcase>
  <testcase name="isValidReportedOn{LocalDate, Boolean, String}[9]" classname="com.verification.logical.ValidatorVerification" time="0">
    <failure message="expected: &lt;false&gt; but was: &lt;null&gt;" type="org.opentest4j.AssertionFailedError"><![CDATA[org.opentest4j.AssertionFailedError: expected: <false> but was: <null>
	at com.verification.logical.ValidatorVerification.isValidReportedOn(ValidatorVerification.java:196)
]]></failure>
  </testcase>
  <testcase name="isValidIssueId{String, Boolean, String}[1]" classname="com.verification.logical.ValidatorVerification" time="0.008">
    <failure message="expected: &lt;true&gt; but was: &lt;null&gt;" type="org.opentest4j.AssertionFailedError"><![CDATA[org.opentest4j.AssertionFailedError: expected: <true> but was: <null>
	at com.verification.logical.ValidatorVerification.isValidIssueId(ValidatorVerification.java:175)
]]></failure>
  </testcase>
  <testcase name="isValidIssueId{String, Boolean, String}[2]" classname="com.verification.logical.ValidatorVerification" time="0">
    <failure message="expected: &lt;true&gt; but was: &lt;null&gt;" type="org.opentest4j.AssertionFailedError"><![CDATA[org.opentest4j.AssertionFailedError: expected: <true> but was: <null>
	at com.verification.logical.ValidatorVerification.isValidIssueId(ValidatorVerification.java:175)
]]></failure>
  </testcase>
  <testcase name="isValidIssueId{String, Boolean, String}[3]" classname="com.verification.logical.ValidatorVerification" time="0.008">
    <failure message="expected: &lt;true&gt; but was: &lt;null&gt;" type="org.opentest4j.AssertionFailedError"><![CDATA[org.opentest4j.AssertionFailedError: expected: <true> but was: <null>
	at com.verification.logical.ValidatorVerification.isValidIssueId(ValidatorVerification.java:175)
]]></failure>
  </testcase>
  <testcase name="isValidIssueId{String, Boolean, String}[4]" classname="com.verification.logical.ValidatorVerification" time="0">
    <failure message="expected: &lt;true&gt; but was: &lt;null&gt;" type="org.opentest4j.AssertionFailedError"><![CDATA[org.opentest4j.AssertionFailedError: expected: <true> but was: <null>
	at com.verification.logical.ValidatorVerification.isValidIssueId(ValidatorVerification.java:175)
]]></failure>
  </testcase>
  <testcase name="isValidIssueId{String, Boolean, String}[5]" classname="com.verification.logical.ValidatorVerification" time="0">
    <failure message="expected: &lt;true&gt; but was: &lt;null&gt;" type="org.opentest4j.AssertionFailedError"><![CDATA[org.opentest4j.AssertionFailedError: expected: <true> but was: <null>
	at com.verification.logical.ValidatorVerification.isValidIssueId(ValidatorVerification.java:175)
]]></failure>
  </testcase>
  <testcase name="isValidIssueId{String, Boolean, String}[6]" classname="com.verification.logical.ValidatorVerification" time="0.008">
    <failure message="expected: &lt;false&gt; but was: &lt;null&gt;" type="org.opentest4j.AssertionFailedError"><![CDATA[org.opentest4j.AssertionFailedError: expected: <false> but was: <null>
	at com.verification.logical.ValidatorVerification.isValidIssueId(ValidatorVerification.java:175)
]]></failure>
  </testcase>
  <testcase name="isValidIssueId{String, Boolean, String}[7]" classname="com.verification.logical.ValidatorVerification" time="0">
    <failure message="expected: &lt;false&gt; but was: &lt;null&gt;" type="org.opentest4j.AssertionFailedError"><![CDATA[org.opentest4j.AssertionFailedError: expected: <false> but was: <null>
	at com.verification.logical.ValidatorVerification.isValidIssueId(ValidatorVerification.java:175)
]]></failure>
  </testcase>
  <testcase name="isValidIssueId{String, Boolean, String}[8]" classname="com.verification.logical.ValidatorVerification" time="0.008">
    <failure message="expected: &lt;false&gt; but was: &lt;null&gt;" type="org.opentest4j.AssertionFailedError"><![CDATA[org.opentest4j.AssertionFailedError: expected: <false> but was: <null>
	at com.verification.logical.ValidatorVerification.isValidIssueId(ValidatorVerification.java:175)
]]></failure>
  </testcase>
  <testcase name="isValidIssueId{String, Boolean, String}[9]" classname="com.verification.logical.ValidatorVerification" time="0">
    <failure message="expected: &lt;false&gt; but was: &lt;null&gt;" type="org.opentest4j.AssertionFailedError"><![CDATA[org.opentest4j.AssertionFailedError: expected: <false> but was: <null>
	at com.verification.logical.ValidatorVerification.isValidIssueId(ValidatorVerification.java:175)
]]></failure>
  </testcase>
  <testcase name="isValidIssueId{String, Boolean, String}[10]" classname="com.verification.logical.ValidatorVerification" time="0">
    <failure message="expected: &lt;false&gt; but was: &lt;null&gt;" type="org.opentest4j.AssertionFailedError"><![CDATA[org.opentest4j.AssertionFailedError: expected: <false> but was: <null>
	at com.verification.logical.ValidatorVerification.isValidIssueId(ValidatorVerification.java:175)
]]></failure>
  </testcase>
  <testcase name="isValidIssueId{String, Boolean, String}[11]" classname="com.verification.logical.ValidatorVerification" time="0.008">
    <failure message="expected: &lt;false&gt; but was: &lt;null&gt;" type="org.opentest4j.AssertionFailedError"><![CDATA[org.opentest4j.AssertionFailedError: expected: <false> but was: <null>
	at com.verification.logical.ValidatorVerification.isValidIssueId(ValidatorVerification.java:175)
]]></failure>
  </testcase>
  <testcase name="isValidIssueId{String, Boolean, String}[12]" classname="com.verification.logical.ValidatorVerification" time="0">
    <failure message="expected: &lt;false&gt; but was: &lt;null&gt;" type="org.opentest4j.AssertionFailedError"><![CDATA[org.opentest4j.AssertionFailedError: expected: <false> but was: <null>
	at com.verification.logical.ValidatorVerification.isValidIssueId(ValidatorVerification.java:175)
]]></failure>
  </testcase>
  <testcase name="isValidIssueId{String, Boolean, String}[13]" classname="com.verification.logical.ValidatorVerification" time="0">
    <failure message="expected: &lt;false&gt; but was: &lt;null&gt;" type="org.opentest4j.AssertionFailedError"><![CDATA[org.opentest4j.AssertionFailedError: expected: <false> but was: <null>
	at com.verification.logical.ValidatorVerification.isValidIssueId(ValidatorVerification.java:175)
]]></failure>
  </testcase>
  <testcase name="isValidIssueId{String, Boolean, String}[14]" classname="com.verification.logical.ValidatorVerification" time="0.008">
    <failure message="expected: &lt;false&gt; but was: &lt;null&gt;" type="org.opentest4j.AssertionFailedError"><![CDATA[org.opentest4j.AssertionFailedError: expected: <false> but was: <null>
	at com.verification.logical.ValidatorVerification.isValidIssueId(ValidatorVerification.java:175)
]]></failure>
  </testcase>
  <testcase name="isValidIssueId{String, Boolean, String}[15]" classname="com.verification.logical.ValidatorVerification" time="0">
    <failure message="expected: &lt;false&gt; but was: &lt;null&gt;" type="org.opentest4j.AssertionFailedError"><![CDATA[org.opentest4j.AssertionFailedError: expected: <false> but was: <null>
	at com.verification.logical.ValidatorVerification.isValidIssueId(ValidatorVerification.java:175)
]]></failure>
  </testcase>
  <testcase name="isValidIssueId{String, Boolean, String}[16]" classname="com.verification.logical.ValidatorVerification" time="0.008">
    <failure message="expected: &lt;false&gt; but was: &lt;null&gt;" type="org.opentest4j.AssertionFailedError"><![CDATA[org.opentest4j.AssertionFailedError: expected: <false> but was: <null>
	at com.verification.logical.ValidatorVerification.isValidIssueId(ValidatorVerification.java:175)
]]></failure>
  </testcase>
  <testcase name="isValidIssueId{String, Boolean, String}[17]" classname="com.verification.logical.ValidatorVerification" time="0.008">
    <failure message="expected: &lt;false&gt; but was: &lt;null&gt;" type="org.opentest4j.AssertionFailedError"><![CDATA[org.opentest4j.AssertionFailedError: expected: <false> but was: <null>
	at com.verification.logical.ValidatorVerification.isValidIssueId(ValidatorVerification.java:175)
]]></failure>
  </testcase>
  <testcase name="isValidIssueId{String, Boolean, String}[18]" classname="com.verification.logical.ValidatorVerification" time="0">
    <failure message="expected: &lt;false&gt; but was: &lt;null&gt;" type="org.opentest4j.AssertionFailedError"><![CDATA[org.opentest4j.AssertionFailedError: expected: <false> but was: <null>
	at com.verification.logical.ValidatorVerification.isValidIssueId(ValidatorVerification.java:175)
]]></failure>
  </testcase>
  <testcase name="isValidStatus{IssueStatus, Boolean, String}" classname="com.verification.logical.ValidatorVerification" time="0">
    <error message="OPEN" type="java.lang.NoSuchFieldError">java.lang.NoSuchFieldError: OPEN
	at com.verification.logical.ValidatorVerification.isValidStatus(ValidatorVerification.java:146)
</error>
  </testcase>
</testsuite>